<?xml version="1.0" encoding="UTF-8"?>
<testsuite name="tourGuide.TestTourGuideService" tests="8" skipped="0" failures="0" errors="0" timestamp="2022-10-18T08:20:43" hostname="MBP-de-TLILI.lan" time="0.11">
  <properties/>
  <testcase name="addUser()" classname="tourGuide.TestTourGuideService" time="0.018"/>
  <testcase name="getTripDeals()" classname="tourGuide.TestTourGuideService" time="0.01"/>
  <testcase name="getAllUsers()" classname="tourGuide.TestTourGuideService" time="0.005"/>
  <testcase name="trackUser()" classname="tourGuide.TestTourGuideService" time="0.01"/>
  <testcase name="getNearbyAttractions()" classname="tourGuide.TestTourGuideService" time="0.009"/>
  <testcase name="getUserLocationWithVisitedLocationHistory()" classname="tourGuide.TestTourGuideService" time="0.016"/>
  <testcase name="getAllCurrentUserLocations()" classname="tourGuide.TestTourGuideService" time="0.008"/>
  <testcase name="getUserLocationWithoutVisitedLocationHistory()" classname="tourGuide.TestTourGuideService" time="0.019"/>
  <system-out><![CDATA[10:20:39.781 [Test worker] DEBUG org.springframework.test.context.BootstrapUtils - Instantiating CacheAwareContextLoaderDelegate from class [org.springframework.test.context.cache.DefaultCacheAwareContextLoaderDelegate]
10:20:39.784 [Test worker] DEBUG org.springframework.test.context.BootstrapUtils - Instantiating BootstrapContext using constructor [public org.springframework.test.context.support.DefaultBootstrapContext(java.lang.Class,org.springframework.test.context.CacheAwareContextLoaderDelegate)]
10:20:39.830 [Test worker] DEBUG org.springframework.test.context.BootstrapUtils - Instantiating TestContextBootstrapper for test class [tourGuide.TestTourGuideService] from class [org.springframework.boot.test.context.SpringBootTestContextBootstrapper]
10:20:39.853 [Test worker] INFO org.springframework.boot.test.context.SpringBootTestContextBootstrapper - Neither @ContextConfiguration nor @ContextHierarchy found for test class [tourGuide.TestTourGuideService], using SpringBootContextLoader
10:20:39.854 [Test worker] DEBUG org.springframework.test.context.support.AbstractContextLoader - Did not detect default resource location for test class [tourGuide.TestTourGuideService]: class path resource [tourGuide/TestTourGuideService-context.xml] does not exist
10:20:39.854 [Test worker] DEBUG org.springframework.test.context.support.AbstractContextLoader - Did not detect default resource location for test class [tourGuide.TestTourGuideService]: class path resource [tourGuide/TestTourGuideServiceContext.groovy] does not exist
10:20:39.854 [Test worker] INFO org.springframework.test.context.support.AbstractContextLoader - Could not detect default resource locations for test class [tourGuide.TestTourGuideService]: no resource found for suffixes {-context.xml, Context.groovy}.
10:20:39.855 [Test worker] INFO org.springframework.test.context.support.AnnotationConfigContextLoaderUtils - Could not detect default configuration classes for test class [tourGuide.TestTourGuideService]: TestTourGuideService does not declare any static, non-private, non-final, nested classes annotated with @Configuration.
10:20:39.916 [Test worker] DEBUG org.springframework.test.context.support.ActiveProfilesUtils - Could not find an 'annotation declaring class' for annotation type [org.springframework.test.context.ActiveProfiles] and class [tourGuide.TestTourGuideService]
10:20:40.012 [Test worker] DEBUG org.springframework.context.annotation.ClassPathScanningCandidateComponentProvider - Identified candidate component class: file [/Users/tlili/Desktop/TourGuide/TourGuide/build/classes/java/main/tourGuide/Application.class]
10:20:40.025 [Test worker] INFO org.springframework.boot.test.context.SpringBootTestContextBootstrapper - Found @SpringBootConfiguration tourGuide.Application for test class tourGuide.TestTourGuideService
10:20:40.157 [Test worker] DEBUG org.springframework.boot.test.context.SpringBootTestContextBootstrapper - @TestExecutionListeners is not present for class [tourGuide.TestTourGuideService]: using defaults.
10:20:40.158 [Test worker] INFO org.springframework.boot.test.context.SpringBootTestContextBootstrapper - Loaded default TestExecutionListener class names from location [META-INF/spring.factories]: [org.springframework.boot.test.autoconfigure.restdocs.RestDocsTestExecutionListener, org.springframework.boot.test.autoconfigure.web.client.MockRestServiceServerResetTestExecutionListener, org.springframework.boot.test.autoconfigure.web.servlet.MockMvcPrintOnlyOnFailureTestExecutionListener, org.springframework.boot.test.autoconfigure.web.servlet.WebDriverTestExecutionListener, org.springframework.boot.test.autoconfigure.webservices.client.MockWebServiceServerTestExecutionListener, org.springframework.boot.test.mock.mockito.MockitoTestExecutionListener, org.springframework.boot.test.mock.mockito.ResetMocksTestExecutionListener, org.springframework.test.context.web.ServletTestExecutionListener, org.springframework.test.context.support.DirtiesContextBeforeModesTestExecutionListener, org.springframework.test.context.event.ApplicationEventsTestExecutionListener, org.springframework.test.context.support.DependencyInjectionTestExecutionListener, org.springframework.test.context.support.DirtiesContextTestExecutionListener, org.springframework.test.context.transaction.TransactionalTestExecutionListener, org.springframework.test.context.jdbc.SqlScriptsTestExecutionListener, org.springframework.test.context.event.EventPublishingTestExecutionListener]
10:20:40.176 [Test worker] DEBUG org.springframework.boot.test.context.SpringBootTestContextBootstrapper - Skipping candidate TestExecutionListener [org.springframework.test.context.transaction.TransactionalTestExecutionListener] due to a missing dependency. Specify custom listener classes or make the default listener classes and their required dependencies available. Offending class: [org/springframework/transaction/interceptor/TransactionAttributeSource]
10:20:40.176 [Test worker] DEBUG org.springframework.boot.test.context.SpringBootTestContextBootstrapper - Skipping candidate TestExecutionListener [org.springframework.test.context.jdbc.SqlScriptsTestExecutionListener] due to a missing dependency. Specify custom listener classes or make the default listener classes and their required dependencies available. Offending class: [org/springframework/transaction/interceptor/TransactionAttribute]
10:20:40.177 [Test worker] INFO org.springframework.boot.test.context.SpringBootTestContextBootstrapper - Using TestExecutionListeners: [org.springframework.test.context.web.ServletTestExecutionListener@1eeef2a5, org.springframework.test.context.support.DirtiesContextBeforeModesTestExecutionListener@a08fcfa, org.springframework.test.context.event.ApplicationEventsTestExecutionListener@3d32399a, org.springframework.boot.test.mock.mockito.MockitoTestExecutionListener@6d279b2c, org.springframework.boot.test.autoconfigure.SpringBootDependencyInjectionTestExecutionListener@4b527f7, org.springframework.test.context.support.DirtiesContextTestExecutionListener@4917e4b7, org.springframework.test.context.event.EventPublishingTestExecutionListener@65c5fae6, org.springframework.boot.test.autoconfigure.restdocs.RestDocsTestExecutionListener@34eaf389, org.springframework.boot.test.autoconfigure.web.client.MockRestServiceServerResetTestExecutionListener@19cdf07c, org.springframework.boot.test.autoconfigure.web.servlet.MockMvcPrintOnlyOnFailureTestExecutionListener@6f099dae, org.springframework.boot.test.autoconfigure.web.servlet.WebDriverTestExecutionListener@25515863, org.springframework.boot.test.autoconfigure.webservices.client.MockWebServiceServerTestExecutionListener@46c481fb, org.springframework.boot.test.mock.mockito.ResetMocksTestExecutionListener@30fcd74f]
10:20:40.181 [Test worker] DEBUG org.springframework.test.context.support.AbstractDirtiesContextTestExecutionListener - Before test class: context [DefaultTestContext@60b05d8b testClass = TestTourGuideService, testInstance = [null], testMethod = [null], testException = [null], mergedContextConfiguration = [WebMergedContextConfiguration@71080bc9 testClass = TestTourGuideService, locations = '{}', classes = '{class tourGuide.Application}', contextInitializerClasses = '[]', activeProfiles = '{}', propertySourceLocations = '{}', propertySourceProperties = '{org.springframework.boot.test.context.SpringBootTestContextBootstrapper=true}', contextCustomizers = set[org.springframework.boot.test.autoconfigure.actuate.metrics.MetricsExportContextCustomizerFactory$DisableMetricExportContextCustomizer@d743428, org.springframework.boot.test.autoconfigure.properties.PropertyMappingContextCustomizer@0, org.springframework.boot.test.autoconfigure.web.servlet.WebDriverContextCustomizerFactory$Customizer@be8098f, org.springframework.boot.test.context.filter.ExcludeFilterContextCustomizer@7dcb587f, org.springframework.boot.test.json.DuplicateJsonObjectContextCustomizerFactory$DuplicateJsonObjectContextCustomizer@1ac8c8b1, org.springframework.boot.test.mock.mockito.MockitoContextCustomizer@0, org.springframework.boot.test.web.client.TestRestTemplateContextCustomizer@66a8dba9, org.springframework.boot.test.web.reactive.server.WebTestClientContextCustomizer@5a50c12b, org.springframework.boot.test.context.SpringBootTestArgs@1, org.springframework.boot.test.context.SpringBootTestWebEnvironment@1ba359bd], resourceBasePath = 'src/main/webapp', contextLoader = 'org.springframework.boot.test.context.SpringBootContextLoader', parent = [null]], attributes = map['org.springframework.test.context.web.ServletTestExecutionListener.activateListener' -> true]], class annotated with @DirtiesContext [false] with mode [null].

  .   ____          _            __ _ _
 /\\ / ___'_ __ _ _(_)_ __  __ _ \ \ \ \
( ( )\___ | '_ | '_| | '_ \/ _` | \ \ \ \
 \\/  ___)| |_)| | | | | || (_| |  ) ) ) )
  '  |____| .__|_| |_|_| |_\__, | / / / /
 =========|_|==============|___/=/_/_/_/
 :: Spring Boot ::                (v2.7.4)

2022-10-18 10:20:40.705  INFO 23365 --- [    Test worker] tourGuide.TestTourGuideService           : Starting TestTourGuideService using Java 11.0.9 on MBP-de-TLILI.lan with PID 23365 (started by tlili in /Users/tlili/Desktop/TourGuide/TourGuide)
2022-10-18 10:20:40.706  INFO 23365 --- [    Test worker] tourGuide.TestTourGuideService           : No active profile set, falling back to 1 default profile: "default"
2022-10-18 10:20:41.948  INFO 23365 --- [    Test worker] tourGuide.service.TourGuideService       : TestMode enabled
2022-10-18 10:20:43.534  INFO 23365 --- [    Test worker] o.s.b.a.e.web.EndpointLinksResolver      : Exposing 1 endpoint(s) beneath base path '/actuator'
2022-10-18 10:20:43.592  INFO 23365 --- [    Test worker] tourGuide.TestTourGuideService           : Started TestTourGuideService in 3.275 seconds (JVM running for 45.565)
2022-10-18 10:20:43.670  INFO 23365 --- [    Test worker] tourGuide.service.TourGuideService       : TestMode enabled
2022-10-18 10:20:43.688  INFO 23365 --- [    Test worker] tourGuide.service.TourGuideService       : TestMode enabled
2022-10-18 10:20:43.698  INFO 23365 --- [    Test worker] tourGuide.service.TourGuideService       : TestMode enabled
2022-10-18 10:20:43.704  INFO 23365 --- [    Test worker] tourGuide.service.TourGuideService       : TestMode enabled
2022-10-18 10:20:43.715  INFO 23365 --- [    Test worker] tourGuide.service.TourGuideService       : TestMode enabled
2022-10-18 10:20:43.727  INFO 23365 --- [    Test worker] tourGuide.service.TourGuideService       : TestMode enabled
2022-10-18 10:20:43.749  INFO 23365 --- [    Test worker] tourGuide.service.TourGuideService       : TestMode enabled
2022-10-18 10:20:43.757  INFO 23365 --- [    Test worker] tourGuide.service.TourGuideService       : TestMode enabled
]]></system-out>
  <system-err><![CDATA[]]></system-err>
</testsuite>
