<?xml version="1.0" encoding="UTF-8"?>
<testsuite name="tourGuide.service.RewardCentralServiceWebClientTest" tests="1" skipped="0" failures="0" errors="0" timestamp="2022-10-18T08:20:43" hostname="MBP-de-TLILI.lan" time="0.008">
  <properties/>
  <testcase name="getAttractionRewardsTest()" classname="tourGuide.service.RewardCentralServiceWebClientTest" time="0.008"/>
  <system-out><![CDATA[2022-10-18 10:20:43.906  INFO 23365 --- [WebServer 63747] okhttp3.mockwebserver.MockWebServer      : MockWebServer[63747] starting to accept connections
2022-10-18 10:20:43.913  INFO 23365 --- [127.0.0.1:63748] okhttp3.mockwebserver.MockWebServer      : MockWebServer[63747] received request: GET /rewardsPoints?attractionId=d6069ed1-b1f1-4917-89ce-297809fd0599&userId=dd3c8618-e8e1-4ef7-9af8-6129f9e3c3ff HTTP/1.1 and responded: HTTP/1.1 200 OK
2022-10-18 10:20:43.916  INFO 23365 --- [WebServer 63747] okhttp3.mockwebserver.MockWebServer      : MockWebServer[63747] done accepting connections: Socket closed
]]></system-out>
  <system-err><![CDATA[]]></system-err>
</testsuite>
