<?xml version="1.0" encoding="UTF-8"?>
<testsuite name="tourGuide.service.TripPricerServiceWebClientTests" tests="2" skipped="0" failures="0" errors="0" timestamp="2022-10-19T23:27:43" hostname="MBP-de-TLILI.lan" time="0.061">
  <properties/>
  <testcase name="getPriceTest()" classname="tourGuide.service.TripPricerServiceWebClientTests" time="0.032"/>
  <testcase name="getProviderName()" classname="tourGuide.service.TripPricerServiceWebClientTests" time="0.016"/>
  <system-out><![CDATA[2022-10-20 01:27:43.963  INFO 43081 --- [WebServer 55211] okhttp3.mockwebserver.MockWebServer      : MockWebServer[55211] starting to accept connections
2022-10-20 01:27:43.981  INFO 43081 --- [127.0.0.1:55212] okhttp3.mockwebserver.MockWebServer      : MockWebServer[55211] received request: GET /price?apiKey=apiKey&adults=1&children=3&attractionId=d9b0686b-0b02-4c57-8f2c-97fd79b82170&nightsStay=2&rewardsPoints=10 HTTP/1.1 and responded: HTTP/1.1 200 OK
2022-10-20 01:27:44.015  INFO 43081 --- [127.0.0.1:55212] okhttp3.mockwebserver.MockWebServer      : MockWebServer[55211] received request: GET /providerName?apiKey=apiKey&adults=20 HTTP/1.1 and responded: HTTP/1.1 200 OK
2022-10-20 01:27:44.027  INFO 43081 --- [WebServer 55211] okhttp3.mockwebserver.MockWebServer      : MockWebServer[55211] done accepting connections: Socket closed
]]></system-out>
  <system-err><![CDATA[]]></system-err>
</testsuite>
