<?xml version="1.0" encoding="UTF-8"?>
<testsuite name="tourGuide.RewardCentralServiceWebClientTest" tests="1" skipped="0" failures="0" errors="0" timestamp="2022-10-18T08:20:02" hostname="MBP-de-TLILI.lan" time="0.05">
  <properties/>
  <testcase name="getAttractionRewardsTest()" classname="tourGuide.RewardCentralServiceWebClientTest" time="0.05"/>
  <system-out><![CDATA[10:20:02.707 [reactor-http-nio-3] DEBUG reactor.netty.resources.DefaultPooledConnectionProvider - [4141c717, L:/127.0.0.1:63160 ! R:localhost/127.0.0.1:63159] onStateChange(PooledConnection{channel=[id: 0x4141c717, L:/127.0.0.1:63160 ! R:localhost/127.0.0.1:63159]}, [disconnecting])
]]></system-out>
  <system-err><![CDATA[oct. 18, 2022 10:20:02 AM okhttp3.mockwebserver.MockWebServer$start$$inlined$execute$1 run
INFO: MockWebServer[63159] starting to accept connections
oct. 18, 2022 10:20:02 AM okhttp3.mockwebserver.MockWebServer$SocketHandler processOneRequest
INFO: MockWebServer[63159] received request: GET /rewardsPoints?attractionId=0eea1035-c8ac-4ff2-8a44-8bb29c4cdb48&userId=7112b85a-66bf-4f87-8dd4-c61955977723 HTTP/1.1 and responded: HTTP/1.1 200 OK
oct. 18, 2022 10:20:02 AM okhttp3.mockwebserver.MockWebServer acceptConnections
INFO: MockWebServer[63159] done accepting connections: Socket closed
]]></system-err>
</testsuite>
