<?xml version="1.0" encoding="UTF-8"?>
<testsuite name="tourGuide.service.RewardCentralServiceWebClientTest" tests="1" skipped="0" failures="0" errors="0" timestamp="2022-10-19T23:27:43" hostname="MBP-de-TLILI.lan" time="0.027">
  <properties/>
  <testcase name="getAttractionRewardsTest()" classname="tourGuide.service.RewardCentralServiceWebClientTest" time="0.027"/>
  <system-out><![CDATA[2022-10-20 01:27:43.928  INFO 43081 --- [WebServer 55209] okhttp3.mockwebserver.MockWebServer      : MockWebServer[55209] starting to accept connections
2022-10-20 01:27:43.946  INFO 43081 --- [127.0.0.1:55210] okhttp3.mockwebserver.MockWebServer      : MockWebServer[55209] received request: GET /rewardsPoints?attractionId=1ee658df-c0e3-4869-9372-a0e3c6b77f94&userId=3d50a4dd-d99d-41e4-874c-8c790cb63b92 HTTP/1.1 and responded: HTTP/1.1 200 OK
2022-10-20 01:27:43.957  INFO 43081 --- [WebServer 55209] okhttp3.mockwebserver.MockWebServer      : MockWebServer[55209] done accepting connections: Socket closed
]]></system-out>
  <system-err><![CDATA[]]></system-err>
</testsuite>
