<?xml version="1.0" encoding="UTF-8"?>
<testsuite name="tourGuide.TestRewardsService" tests="3" skipped="0" failures="0" errors="0" timestamp="2022-10-19T23:27:35" hostname="MBP-de-TLILI.lan" time="0.042">
  <properties/>
  <testcase name="userGetRewards()" classname="tourGuide.TestRewardsService" time="0.034"/>
  <testcase name="getRewardsForUserList()" classname="tourGuide.TestRewardsService" time="0.005"/>
  <testcase name="isWithinAttractionProximity()" classname="tourGuide.TestRewardsService" time="0.001"/>
  <system-out><![CDATA[01:27:35.560 [Test worker] DEBUG tourGuide.service.RewardsService - Calculate Rewards for user list : nbUsers = 2
01:27:35.562 [Test worker] DEBUG tourGuide.service.RewardsService - calculateRewards finished before the 20 minutes elapsed time
]]></system-out>
  <system-err><![CDATA[]]></system-err>
</testsuite>
