<?xml version="1.0" encoding="UTF-8"?>
<testsuite name="tourGuide.TestTourGuideService" tests="8" skipped="0" failures="0" errors="0" timestamp="2022-10-19T23:27:41" hostname="MBP-de-TLILI.lan" time="0.414">
  <properties/>
  <testcase name="addUser()" classname="tourGuide.TestTourGuideService" time="0.024"/>
  <testcase name="getTripDeals()" classname="tourGuide.TestTourGuideService" time="0.076"/>
  <testcase name="getAllUsers()" classname="tourGuide.TestTourGuideService" time="0.007"/>
  <testcase name="trackUser()" classname="tourGuide.TestTourGuideService" time="0.011"/>
  <testcase name="getNearbyAttractions()" classname="tourGuide.TestTourGuideService" time="0.023"/>
  <testcase name="getUserLocationWithVisitedLocationHistory()" classname="tourGuide.TestTourGuideService" time="0.021"/>
  <testcase name="getAllCurrentUserLocations()" classname="tourGuide.TestTourGuideService" time="0.016"/>
  <testcase name="getUserLocationWithoutVisitedLocationHistory()" classname="tourGuide.TestTourGuideService" time="0.204"/>
  <system-out><![CDATA[01:27:35.581 [Test worker] DEBUG org.springframework.test.context.BootstrapUtils - Instantiating CacheAwareContextLoaderDelegate from class [org.springframework.test.context.cache.DefaultCacheAwareContextLoaderDelegate]
01:27:35.587 [Test worker] DEBUG org.springframework.test.context.BootstrapUtils - Instantiating BootstrapContext using constructor [public org.springframework.test.context.support.DefaultBootstrapContext(java.lang.Class,org.springframework.test.context.CacheAwareContextLoaderDelegate)]
01:27:35.695 [Test worker] DEBUG org.springframework.test.context.BootstrapUtils - Instantiating TestContextBootstrapper for test class [tourGuide.TestTourGuideService] from class [org.springframework.boot.test.context.SpringBootTestContextBootstrapper]
01:27:35.728 [Test worker] INFO org.springframework.boot.test.context.SpringBootTestContextBootstrapper - Neither @ContextConfiguration nor @ContextHierarchy found for test class [tourGuide.TestTourGuideService], using SpringBootContextLoader
01:27:35.737 [Test worker] DEBUG org.springframework.test.context.support.AbstractContextLoader - Did not detect default resource location for test class [tourGuide.TestTourGuideService]: class path resource [tourGuide/TestTourGuideService-context.xml] does not exist
01:27:35.737 [Test worker] DEBUG org.springframework.test.context.support.AbstractContextLoader - Did not detect default resource location for test class [tourGuide.TestTourGuideService]: class path resource [tourGuide/TestTourGuideServiceContext.groovy] does not exist
01:27:35.739 [Test worker] INFO org.springframework.test.context.support.AbstractContextLoader - Could not detect default resource locations for test class [tourGuide.TestTourGuideService]: no resource found for suffixes {-context.xml, Context.groovy}.
01:27:35.741 [Test worker] INFO org.springframework.test.context.support.AnnotationConfigContextLoaderUtils - Could not detect default configuration classes for test class [tourGuide.TestTourGuideService]: TestTourGuideService does not declare any static, non-private, non-final, nested classes annotated with @Configuration.
01:27:35.885 [Test worker] DEBUG org.springframework.test.context.support.ActiveProfilesUtils - Could not find an 'annotation declaring class' for annotation type [org.springframework.test.context.ActiveProfiles] and class [tourGuide.TestTourGuideService]
01:27:36.023 [Test worker] DEBUG org.springframework.context.annotation.ClassPathScanningCandidateComponentProvider - Identified candidate component class: file [/Users/tlili/Desktop/TourGuide/TourGuide/build/classes/java/main/tourGuide/Application.class]
01:27:36.038 [Test worker] INFO org.springframework.boot.test.context.SpringBootTestContextBootstrapper - Found @SpringBootConfiguration tourGuide.Application for test class tourGuide.TestTourGuideService
01:27:36.218 [Test worker] DEBUG org.springframework.boot.test.context.SpringBootTestContextBootstrapper - @TestExecutionListeners is not present for class [tourGuide.TestTourGuideService]: using defaults.
01:27:36.218 [Test worker] INFO org.springframework.boot.test.context.SpringBootTestContextBootstrapper - Loaded default TestExecutionListener class names from location [META-INF/spring.factories]: [org.springframework.boot.test.autoconfigure.restdocs.RestDocsTestExecutionListener, org.springframework.boot.test.autoconfigure.web.client.MockRestServiceServerResetTestExecutionListener, org.springframework.boot.test.autoconfigure.web.servlet.MockMvcPrintOnlyOnFailureTestExecutionListener, org.springframework.boot.test.autoconfigure.web.servlet.WebDriverTestExecutionListener, org.springframework.boot.test.autoconfigure.webservices.client.MockWebServiceServerTestExecutionListener, org.springframework.boot.test.mock.mockito.MockitoTestExecutionListener, org.springframework.boot.test.mock.mockito.ResetMocksTestExecutionListener, org.springframework.test.context.web.ServletTestExecutionListener, org.springframework.test.context.support.DirtiesContextBeforeModesTestExecutionListener, org.springframework.test.context.event.ApplicationEventsTestExecutionListener, org.springframework.test.context.support.DependencyInjectionTestExecutionListener, org.springframework.test.context.support.DirtiesContextTestExecutionListener, org.springframework.test.context.transaction.TransactionalTestExecutionListener, org.springframework.test.context.jdbc.SqlScriptsTestExecutionListener, org.springframework.test.context.event.EventPublishingTestExecutionListener]
01:27:36.239 [Test worker] DEBUG org.springframework.boot.test.context.SpringBootTestContextBootstrapper - Skipping candidate TestExecutionListener [org.springframework.test.context.transaction.TransactionalTestExecutionListener] due to a missing dependency. Specify custom listener classes or make the default listener classes and their required dependencies available. Offending class: [org/springframework/transaction/interceptor/TransactionAttributeSource]
01:27:36.241 [Test worker] DEBUG org.springframework.boot.test.context.SpringBootTestContextBootstrapper - Skipping candidate TestExecutionListener [org.springframework.test.context.jdbc.SqlScriptsTestExecutionListener] due to a missing dependency. Specify custom listener classes or make the default listener classes and their required dependencies available. Offending class: [org/springframework/transaction/interceptor/TransactionAttribute]
01:27:36.242 [Test worker] INFO org.springframework.boot.test.context.SpringBootTestContextBootstrapper - Using TestExecutionListeners: [org.springframework.test.context.web.ServletTestExecutionListener@43edd4e0, org.springframework.test.context.support.DirtiesContextBeforeModesTestExecutionListener@72a4f3f, org.springframework.test.context.event.ApplicationEventsTestExecutionListener@3dfef314, org.springframework.boot.test.mock.mockito.MockitoTestExecutionListener@7edab945, org.springframework.boot.test.autoconfigure.SpringBootDependencyInjectionTestExecutionListener@533d28aa, org.springframework.test.context.support.DirtiesContextTestExecutionListener@6bbd645, org.springframework.test.context.event.EventPublishingTestExecutionListener@4c97e3d5, org.springframework.boot.test.autoconfigure.restdocs.RestDocsTestExecutionListener@672c6b93, org.springframework.boot.test.autoconfigure.web.client.MockRestServiceServerResetTestExecutionListener@5d6e77a4, org.springframework.boot.test.autoconfigure.web.servlet.MockMvcPrintOnlyOnFailureTestExecutionListener@5bf9bb2, org.springframework.boot.test.autoconfigure.web.servlet.WebDriverTestExecutionListener@76c5599b, org.springframework.boot.test.autoconfigure.webservices.client.MockWebServiceServerTestExecutionListener@7231c423, org.springframework.boot.test.mock.mockito.ResetMocksTestExecutionListener@5c4c4e96]
01:27:36.252 [Test worker] DEBUG org.springframework.test.context.support.AbstractDirtiesContextTestExecutionListener - Before test class: context [DefaultTestContext@6231bb88 testClass = TestTourGuideService, testInstance = [null], testMethod = [null], testException = [null], mergedContextConfiguration = [WebMergedContextConfiguration@331886ac testClass = TestTourGuideService, locations = '{}', classes = '{class tourGuide.Application}', contextInitializerClasses = '[]', activeProfiles = '{}', propertySourceLocations = '{}', propertySourceProperties = '{org.springframework.boot.test.context.SpringBootTestContextBootstrapper=true}', contextCustomizers = set[org.springframework.boot.test.autoconfigure.actuate.metrics.MetricsExportContextCustomizerFactory$DisableMetricExportContextCustomizer@4505ec36, org.springframework.boot.test.autoconfigure.properties.PropertyMappingContextCustomizer@0, org.springframework.boot.test.autoconfigure.web.servlet.WebDriverContextCustomizerFactory$Customizer@77d7d2d0, org.springframework.boot.test.context.filter.ExcludeFilterContextCustomizer@10b36d8a, org.springframework.boot.test.json.DuplicateJsonObjectContextCustomizerFactory$DuplicateJsonObjectContextCustomizer@94f79a7, org.springframework.boot.test.mock.mockito.MockitoContextCustomizer@0, org.springframework.boot.test.web.client.TestRestTemplateContextCustomizer@20e4e27f, org.springframework.boot.test.web.reactive.server.WebTestClientContextCustomizer@31f96cf, org.springframework.boot.test.context.SpringBootTestArgs@1, org.springframework.boot.test.context.SpringBootTestWebEnvironment@eca6a74], resourceBasePath = 'src/main/webapp', contextLoader = 'org.springframework.boot.test.context.SpringBootContextLoader', parent = [null]], attributes = map['org.springframework.test.context.web.ServletTestExecutionListener.activateListener' -> true]], class annotated with @DirtiesContext [false] with mode [null].

  .   ____          _            __ _ _
 /\\ / ___'_ __ _ _(_)_ __  __ _ \ \ \ \
( ( )\___ | '_ | '_| | '_ \/ _` | \ \ \ \
 \\/  ___)| |_)| | | | | || (_| |  ) ) ) )
  '  |____| .__|_| |_|_| |_\__, | / / / /
 =========|_|==============|___/=/_/_/_/
 :: Spring Boot ::                (v2.7.4)

2022-10-20 01:27:36.811  INFO 43081 --- [    Test worker] tourGuide.TestTourGuideService           : Starting TestTourGuideService using Java 11.0.9 on MBP-de-TLILI.lan with PID 43081 (started by tlili in /Users/tlili/Desktop/TourGuide/TourGuide)
2022-10-20 01:27:36.813  INFO 43081 --- [    Test worker] tourGuide.TestTourGuideService           : No active profile set, falling back to 1 default profile: "default"
2022-10-20 01:27:38.451  INFO 43081 --- [    Test worker] tourGuide.service.TourGuideService       : TestMode enabled
2022-10-20 01:27:41.344  INFO 43081 --- [    Test worker] o.s.b.a.e.web.EndpointLinksResolver      : Exposing 1 endpoint(s) beneath base path '/actuator'
2022-10-20 01:27:41.445  INFO 43081 --- [    Test worker] tourGuide.TestTourGuideService           : Started TestTourGuideService in 5.058 seconds (JVM running for 47.645)
2022-10-20 01:27:41.570  INFO 43081 --- [    Test worker] tourGuide.service.TourGuideService       : TestMode enabled
2022-10-20 01:27:41.599  INFO 43081 --- [    Test worker] tourGuide.service.TourGuideService       : TestMode enabled
2022-10-20 01:27:41.678  INFO 43081 --- [    Test worker] tourGuide.service.TourGuideService       : TestMode enabled
2022-10-20 01:27:41.686  INFO 43081 --- [    Test worker] tourGuide.service.TourGuideService       : TestMode enabled
2022-10-20 01:27:41.709  INFO 43081 --- [    Test worker] tourGuide.service.TourGuideService       : TestMode enabled
2022-10-20 01:27:41.729  INFO 43081 --- [    Test worker] tourGuide.service.TourGuideService       : TestMode enabled
2022-10-20 01:27:41.763  INFO 43081 --- [    Test worker] tourGuide.service.TourGuideService       : TestMode enabled
2022-10-20 01:27:41.777  INFO 43081 --- [    Test worker] tourGuide.service.TourGuideService       : TestMode enabled
]]></system-out>
  <system-err><![CDATA[]]></system-err>
</testsuite>
