<?xml version="1.0" encoding="UTF-8"?>
<testsuite name="tourGuide.service.GpsUtilServiceWebClientTests" tests="2" skipped="0" failures="0" errors="0" timestamp="2022-10-19T23:27:42" hostname="MBP-de-TLILI.lan" time="1.3">
  <properties/>
  <testcase name="getAllAttractions()" classname="tourGuide.service.GpsUtilServiceWebClientTests" time="1.272"/>
  <testcase name="getUserLocationTest()" classname="tourGuide.service.GpsUtilServiceWebClientTests" time="0.026"/>
  <system-out><![CDATA[2022-10-20 01:27:42.602  INFO 43081 --- [WebServer 55207] okhttp3.mockwebserver.MockWebServer      : MockWebServer[55207] starting to accept connections
2022-10-20 01:27:43.792  INFO 43081 --- [127.0.0.1:55208] okhttp3.mockwebserver.MockWebServer      : MockWebServer[55207] received request: GET /attractions HTTP/1.1 and responded: HTTP/1.1 200 OK
2022-10-20 01:27:43.903  INFO 43081 --- [127.0.0.1:55208] okhttp3.mockwebserver.MockWebServer      : MockWebServer[55207] received request: GET /userLocation?userId=fc9cd7fe-aa53-4a32-9e77-f18c3e30bdbe HTTP/1.1 and responded: HTTP/1.1 200 OK
2022-10-20 01:27:43.921  INFO 43081 --- [WebServer 55207] okhttp3.mockwebserver.MockWebServer      : MockWebServer[55207] done accepting connections: Socket closed
]]></system-out>
  <system-err><![CDATA[]]></system-err>
</testsuite>
